<?xml version="1.0" encoding="UTF-8"?>
<!-- Generated by org.testng.reporters.JUnitReportReporter -->
<testsuite skipped="0" hostname="DESKTOP-0ABTINE" name="test.AddContactTest" tests="1" failures="0" timestamp="08 Jan 2022 05:11:32 GMT" time="16.883" errors="0">
  <testcase name="validUserShouldBeAbleToAddCoustomer" time="16.883" classname="test.AddContactTest"/>
</testsuite> <!-- test.AddContactTest -->
